<?xml version="1.0" encoding="UTF-8"?>
<!-- Generated by org.testng.reporters.JUnitXMLReporter -->
<testsuite hostname="LAPTOP-E765NF1G" ignored="8" name="Default test" tests="1" failures="0" timestamp="04 Jul 2018 12:24:12 GMT" time="24.401" errors="0">
  <testcase name="VerifyContactLnkTest" time="3.751" classname="com.crm.qa.TestCases.LoginPageTest"/>
  <testcase name="VerifyForgotPasswordLnkTest" time="0.0" classname="com.crm.qa.TestCases.LoginPageTest">
    <ignored/>
  </testcase> <!-- VerifyForgotPasswordLnkTest -->
  <testcase name="VerifyPageScrollTest" time="0.0" classname="com.crm.qa.TestCases.LoginPageTest">
    <ignored/>
  </testcase> <!-- VerifyPageScrollTest -->
  <testcase name="VerifySendAMessageTest" time="0.0" classname="com.crm.qa.TestCases.LoginPageTest">
    <ignored/>
  </testcase> <!-- VerifySendAMessageTest -->
  <testcase name="loginPageTitleTest" time="0.0" classname="com.crm.qa.TestCases.LoginPageTest">
    <ignored/>
  </testcase> <!-- loginPageTitleTest -->
  <testcase name="loginTest" time="0.0" classname="com.crm.qa.TestCases.LoginPageTest">
    <ignored/>
  </testcase> <!-- loginTest -->
  <testcase name="VerifyPricingLnkTest" time="0.0" classname="com.crm.qa.TestCases.LoginPageTest">
    <ignored/>
  </testcase> <!-- VerifyPricingLnkTest -->
  <testcase name="VerifyFeaturesLnkTest" time="0.0" classname="com.crm.qa.TestCases.LoginPageTest">
    <ignored/>
  </testcase> <!-- VerifyFeaturesLnkTest -->
  <testcase name="crmlogoTest" time="0.0" classname="com.crm.qa.TestCases.LoginPageTest">
    <ignored/>
  </testcase> <!-- crmlogoTest -->
</testsuite> <!-- Default test -->
